Arguments: 
  /usr/local/Cellar/node/11.2.0/bin/node /usr/local/Cellar/yarn/1.12.3/libexec/bin/yarn.js

PATH: 
  /usr/local/Cellar/nodenv/1.1.2/libexec:/Users/tbrooks/.nodenv/plugins/nodenv-aliases/bin:/usr/local/opt/postgresql@9.6/bin:/Users/tbrooks/.rbenv/shims:/Users/tbrooks/.nodenv/shims:/Users/tbrooks/.rbenv/bin:/usr/local/bin:/usr/local/sbin:/usr/local/bin:/usr/bin:/bin:/usr/sbin:/sbin:/usr/local/opt/postgresql@9.6/bin:/Users/tbrooks/.rbenv/shims:/Users/tbrooks/.nodenv/shims:/Users/tbrooks/.rbenv/bin:/usr/local/sbin:./bin:./bin:/usr/bin:/bin:/usr/sbin:/sbin:/usr/local/opt/postgresql@9.6/bin

Yarn version: 
  1.12.3

Node version: 
  11.2.0

Platform: 
  darwin x64

Trace: 
  SyntaxError: /Users/tbrooks/development/enzyme-page-object-examples/package.json: Unexpected token } in JSON at position 327
      at JSON.parse (<anonymous>)
      at /usr/local/Cellar/yarn/1.12.3/libexec/lib/cli.js:1631:59
      at Generator.next (<anonymous>)
      at step (/usr/local/Cellar/yarn/1.12.3/libexec/lib/cli.js:304:30)
      at /usr/local/Cellar/yarn/1.12.3/libexec/lib/cli.js:315:13

npm manifest: 
  {
    "name": "enzyme-page-object-examples",
    "version": "0.1.0",
    "description": "Examples of enzyme-page-object usage",
    "main": "demo/index.js",
    "scripts": {
      "test": "NODE_ENV=test jest --config jest.config.js --maxWorkers=4",
      "test:watch": "NODE_ENV=test jest --config jest.config.js --watch --verbose=false",
    },
    "repository": {
      "url": "https://github.com/d3vkit/enzyme-page-object-examples",
      "type": "git"
    },
    "author": "Tom Brooks <d3vkit@gmail.com>",
    "license": "MIT",
    "engines": {
      "node": ">=6.14.0"
    },
    "devDependencies": {
      "babel-cli": "^6.26.0",
      "babel-core": "^6.26.3",
      "babel-jest": "^23.4.2",
      "babel-loader": "^7.1.5",
      "babel-plugin-transform-object-rest-spread": "^6.26.0",
      "babel-preset-env": "^1.7.0",
      "babel-preset-react": "^6.24.1",
      "enzyme": "^3.3.0",
      "enzyme-adapter-react-16": "^1.1.1",
      "eslint": "^5.2.0",
      "jest": "^23.4.2",
      "jsdom": "11.11.0",
      "lodash": "^4.17.10",
      "prop-types": "^15.6.2",
      "react": "^16.4.1",
      "react-dom": "^16.4.1",
      "react-test-renderer": "^16.4.1",
      "watch": "^1.0.2"
    },
    "dependencies": {}
  }

yarn manifest: 
  No manifest

Lockfile: 
  No lockfile
